<?xml version="1.0" encoding="UTF-8"?>
<testsuites name="jest tests" tests="2" failures="1" time="0.244">
  <testsuite name="Funkcja createList" errors="0" failures="1" skipped="0" timestamp="2023-02-04T09:11:10" time="0.234" tests="2">
    <testcase classname="Funkcja createList powinna zwrócić wartość typu string gdy przekazany input ma wypełnione pole value" name="Funkcja createList powinna zwrócić wartość typu string gdy przekazany input ma wypełnione pole value" time="0.002">
      <failure>Error: expect(received).toBe(expected) // Object.is equality

Expected: &quot;string&quot;
Received: &quot;object&quot;
    at Object.&lt;anonymous&gt; (/Users/Beata/Library/Application Support/Code/User/globalStorage/leancode.future-collars/futurecollars/fe-js-04-03-p/tests/test.js:9:27)
    at Object.asyncJestTest (/Users/Beata/Library/Application Support/Code/User/globalStorage/leancode.future-collars/futurecollars/fe-js-04-03-p/node_modules/jest-jasmine2/build/jasmineAsyncInstall.js:100:37)
    at /Users/Beata/Library/Application Support/Code/User/globalStorage/leancode.future-collars/futurecollars/fe-js-04-03-p/node_modules/jest-jasmine2/build/queueRunner.js:45:12
    at new Promise (&lt;anonymous&gt;)
    at mapper (/Users/Beata/Library/Application Support/Code/User/globalStorage/leancode.future-collars/futurecollars/fe-js-04-03-p/node_modules/jest-jasmine2/build/queueRunner.js:28:19)
    at /Users/Beata/Library/Application Support/Code/User/globalStorage/leancode.future-collars/futurecollars/fe-js-04-03-p/node_modules/jest-jasmine2/build/queueRunner.js:75:41
    at processTicksAndRejections (node:internal/process/task_queues:95:5)</failure>
    </testcase>
    <testcase classname="Funkcja createList powinna zwrócić null gdy przekazany input nie ma wypełnionego pola value" name="Funkcja createList powinna zwrócić null gdy przekazany input nie ma wypełnionego pola value" time="0">
    </testcase>
  </testsuite>
</testsuites>